{"C:\\Users\\יעלי זורסקי\\OneDrive\\Desktop\\פרויקטים\\פרויקט גמר 2025\\server\\middleware\\authMiddleware.js": {"path":"C:\\Users\\יעלי זורסקי\\OneDrive\\Desktop\\פרויקטים\\פרויקט גמר 2025\\server\\middleware\\authMiddleware.js","statementMap":{"0":{"start":{"line":1,"column":12},"end":{"line":1,"column":35}},"1":{"start":{"line":3,"column":21},"end":{"line":26,"column":1}},"2":{"start":{"line":4,"column":21},"end":{"line":4,"column":46}},"3":{"start":{"line":5,"column":2},"end":{"line":8,"column":3}},"4":{"start":{"line":6,"column":4},"end":{"line":6,"column":69}},"5":{"start":{"line":7,"column":4},"end":{"line":7,"column":80}},"6":{"start":{"line":9,"column":16},"end":{"line":9,"column":40}},"7":{"start":{"line":10,"column":2},"end":{"line":13,"column":3}},"8":{"start":{"line":11,"column":4},"end":{"line":11,"column":66}},"9":{"start":{"line":12,"column":4},"end":{"line":12,"column":83}},"10":{"start":{"line":14,"column":2},"end":{"line":25,"column":3}},"11":{"start":{"line":15,"column":20},"end":{"line":15,"column":76}},"12":{"start":{"line":16,"column":4},"end":{"line":16,"column":69}},"13":{"start":{"line":17,"column":4},"end":{"line":17,"column":23}},"14":{"start":{"line":18,"column":4},"end":{"line":18,"column":11}},"15":{"start":{"line":20,"column":4},"end":{"line":20,"column":79}},"16":{"start":{"line":21,"column":4},"end":{"line":23,"column":5}},"17":{"start":{"line":22,"column":6},"end":{"line":22,"column":78}},"18":{"start":{"line":24,"column":4},"end":{"line":24,"column":76}},"19":{"start":{"line":28,"column":16},"end":{"line":37,"column":1}},"20":{"start":{"line":29,"column":15},"end":{"line":29,"column":23}},"21":{"start":{"line":30,"column":2},"end":{"line":30,"column":50}},"22":{"start":{"line":31,"column":2},"end":{"line":34,"column":3}},"23":{"start":{"line":32,"column":4},"end":{"line":32,"column":54}},"24":{"start":{"line":33,"column":4},"end":{"line":33,"column":60}},"25":{"start":{"line":35,"column":2},"end":{"line":35,"column":53}},"26":{"start":{"line":36,"column":2},"end":{"line":36,"column":9}},"27":{"start":{"line":39,"column":0},"end":{"line":39,"column":43}}},"fnMap":{"0":{"name":"(anonymous_0)","decl":{"start":{"line":3,"column":21},"end":{"line":3,"column":22}},"loc":{"start":{"line":3,"column":41},"end":{"line":26,"column":1}},"line":3},"1":{"name":"(anonymous_1)","decl":{"start":{"line":28,"column":16},"end":{"line":28,"column":17}},"loc":{"start":{"line":28,"column":36},"end":{"line":37,"column":1}},"line":28}},"branchMap":{"0":{"loc":{"start":{"line":5,"column":2},"end":{"line":8,"column":3}},"type":"if","locations":[{"start":{"line":5,"column":2},"end":{"line":8,"column":3}},{"start":{},"end":{}}],"line":5},"1":{"loc":{"start":{"line":10,"column":2},"end":{"line":13,"column":3}},"type":"if","locations":[{"start":{"line":10,"column":2},"end":{"line":13,"column":3}},{"start":{},"end":{}}],"line":10},"2":{"loc":{"start":{"line":15,"column":38},"end":{"line":15,"column":75}},"type":"binary-expr","locations":[{"start":{"line":15,"column":38},"end":{"line":15,"column":60}},{"start":{"line":15,"column":64},"end":{"line":15,"column":75}}],"line":15},"3":{"loc":{"start":{"line":21,"column":4},"end":{"line":23,"column":5}},"type":"if","locations":[{"start":{"line":21,"column":4},"end":{"line":23,"column":5}},{"start":{},"end":{}}],"line":21},"4":{"loc":{"start":{"line":31,"column":2},"end":{"line":34,"column":3}},"type":"if","locations":[{"start":{"line":31,"column":2},"end":{"line":34,"column":3}},{"start":{},"end":{}}],"line":31},"5":{"loc":{"start":{"line":31,"column":6},"end":{"line":31,"column":36}},"type":"binary-expr","locations":[{"start":{"line":31,"column":6},"end":{"line":31,"column":11}},{"start":{"line":31,"column":15},"end":{"line":31,"column":36}}],"line":31}},"s":{"0":1,"1":1,"2":7,"3":7,"4":1,"5":1,"6":6,"7":6,"8":1,"9":1,"10":5,"11":5,"12":3,"13":3,"14":3,"15":2,"16":2,"17":1,"18":1,"19":1,"20":2,"21":2,"22":2,"23":1,"24":1,"25":1,"26":1,"27":1},"f":{"0":7,"1":2},"b":{"0":[1,6],"1":[1,5],"2":[5,5],"3":[1,1],"4":[1,1],"5":[2,2]},"_coverageSchema":"1a1c01bbd47fc00a2c39e90264f33305004495a9","hash":"73978ffa210d01f55376c52b394237fb0a5a0792"}
}
