TN:
SF:middleware\authMiddleware.js
FN:3,(anonymous_0)
FN:28,(anonymous_1)
FNF:2
FNH:2
FNDA:7,(anonymous_0)
FNDA:2,(anonymous_1)
DA:1,1
DA:3,1
DA:4,7
DA:5,7
DA:6,1
DA:7,1
DA:9,6
DA:10,6
DA:11,1
DA:12,1
DA:14,5
DA:15,5
DA:16,3
DA:17,3
DA:18,3
DA:20,2
DA:21,2
DA:22,1
DA:24,1
DA:28,1
DA:29,2
DA:30,2
DA:31,2
DA:32,1
DA:33,1
DA:35,1
DA:36,1
DA:39,1
LF:28
LH:28
BRDA:5,0,0,1
BRDA:5,0,1,6
BRDA:10,1,0,1
BRDA:10,1,1,5
BRDA:15,2,0,5
BRDA:15,2,1,5
BRDA:21,3,0,1
BRDA:21,3,1,1
BRDA:31,4,0,1
BRDA:31,4,1,1
BRDA:31,5,0,2
BRDA:31,5,1,2
BRF:12
BRH:12
end_of_record
